\BOOKMARK [0][-]{chapter.1}{\376\377\000O\000v\000e\000r\000v\000i\000e\000w}{}% 1
\BOOKMARK [0][-]{chapter.2}{\376\377\000I\000n\000p\000a\000t\000i\000e\000n\000t}{}% 2
\BOOKMARK [0][-]{chapter.3}{\376\377\000R\000o\000u\000n\000d\000s}{}% 3
\BOOKMARK [0][-]{chapter.4}{\376\377\000P\000r\000o\000g\000r\000e\000s\000s\000\040\000N\000o\000t\000e\000s}{}% 4
\BOOKMARK [0][-]{chapter.5}{\376\377\000D\000i\000s\000c\000h\000a\000r\000g\000e\000s}{}% 5
\BOOKMARK [-1][-]{part*.2}{\376\377\000P\000o\000s\000t\000o\000p\000e\000r\000a\000t\000i\000v\000e\000\040\000C\000a\000r\000e}{}% 6
\BOOKMARK [0][-]{chapter.6}{\376\377\000C\000o\000l\000e\000c\000t\000o\000m\000y\000\040\000-\000\040\000H\000i\000l\000l}{part*.2}% 7
\BOOKMARK [0][-]{chapter.7}{\376\377\000L\000A\000R\000\040\000+\000\040\000I\000l\000e\000o\000s\000t\000o\000m\000y}{part*.2}% 8
\BOOKMARK [0][-]{chapter.8}{\376\377\000A\000b\000d\000o\000m\000i\000n\000o\000p\000e\000r\000i\000n\000e\000a\000l\000\040\000R\000e\000s\000e\000c\000t\000i\000o\000n}{part*.2}% 9
\BOOKMARK [0][-]{chapter.9}{\376\377\000E\000s\000o\000p\000h\000a\000g\000e\000c\000t\000o\000m\000y\000\040\000P\000o\000s\000t\000o\000p}{part*.2}% 10
\BOOKMARK [0][-]{chapter.10}{\376\377\000E\000s\000o\000p\000h\000a\000g\000e\000c\000t\000o\000m\000y\000\040\000W\000a\000r\000d}{part*.2}% 11
\BOOKMARK [-1][-]{part*.3}{\376\377\000H\000i\000l\000l\000\040\000O\000R}{}% 12
\BOOKMARK [0][-]{chapter.11}{\376\377\000C\000o\000l\000o\000r\000e\000c\000t\000a\000l\000\040\000C\000a\000s\000e\000s\000\040\000-\000\040\000H\000i\000l\000l}{part*.3}% 13
\BOOKMARK [0][-]{chapter.12}{\376\377\000S\000t\000u\000d\000e\000n\000t\000\040\000E\000M\000R\000\040\000N\000o\000t\000e\000s\000\040\000P\000o\000l\000i\000c\000y}{part*.3}% 14
\BOOKMARK [-1][-]{part*.4}{\376\377\000S\000a\000l\000o\000\040\000O\000R}{}% 15
\BOOKMARK [0][-]{chapter.13}{\376\377\000C\000e\000n\000t\000r\000a\000l\000\040\000V\000e\000n\000o\000u\000s\000\040\000P\000o\000r\000t\000\040\000\050\000I\000J\000\051}{part*.4}% 16
\BOOKMARK [0][-]{chapter.14}{\376\377\000L\000a\000p\000\040\000J\000e\000j\000u\000n\000o\000s\000t\000o\000m\000y}{part*.4}% 17
\BOOKMARK [0][-]{chapter.15}{\376\377\000L\000a\000p\000\040\000G\000a\000s\000t\000r\000o\000s\000t\000o\000m\000y}{part*.4}% 18
\BOOKMARK [0][-]{chapter.16}{\376\377\000E\000s\000o\000p\000h\000a\000g\000e\000c\000t\000o\000m\000y\000\040\000O\000n\000e\000\040\000S\000t\000a\000g\000e}{part*.4}% 19
\BOOKMARK [-1][-]{part*.5}{\376\377\000E\000s\000o\000p\000h\000a\000g\000e\000a\000l\000\040\000C\000a\000n\000c\000e\000r}{}% 20
\BOOKMARK [0][-]{chapter.17}{\376\377\000E\000s\000o\000p\000h\000a\000g\000e\000a\000l\000\040\000O\000v\000e\000r\000v\000i\000e\000w}{part*.5}% 21
\BOOKMARK [0][-]{chapter.18}{\376\377\000S\000t\000a\000g\000i\000n\000g}{part*.5}% 22
\BOOKMARK [0][-]{chapter.19}{\376\377\000S\000u\000p\000e\000r\000f\000i\000c\000i\000a\000l\000\040\000E\000s\000o\000C\000a}{part*.5}% 23
\BOOKMARK [0][-]{chapter.20}{\376\377\000L\000o\000c\000a\000l\000i\000z\000e\000d\000\040\000E\000s\000o\000C\000a}{part*.5}% 24
\BOOKMARK [0][-]{chapter.21}{\376\377\000L\000o\000c\000a\000l\000l\000y\000\040\000A\000d\000v\000a\000n\000c\000e\000d\000\040\000E\000s\000o\000C\000a}{part*.5}% 25
\BOOKMARK [0][-]{chapter.22}{\376\377\000C\000h\000e\000m\000o\000r\000a\000d\000i\000a\000t\000i\000o\000n}{part*.5}% 26
\BOOKMARK [0][-]{chapter.23}{\376\377\000R\000a\000d\000i\000a\000t\000i\000o\000n}{part*.5}% 27
\BOOKMARK [0][-]{chapter.24}{\376\377\000E\000s\000o\000p\000h\000a\000g\000e\000c\000t\000o\000m\000y}{part*.5}% 28
\BOOKMARK [0][-]{chapter.25}{\376\377\000M\000e\000t\000a\000s\000t\000a\000t\000i\000c\000\040\000E\000s\000o\000C\000a}{part*.5}% 29
\BOOKMARK [0][-]{chapter.26}{\376\377\000S\000u\000r\000v\000i\000v\000o\000r\000s\000h\000i\000p}{part*.5}% 30
\BOOKMARK [-1][-]{part*.6}{\376\377\000G\000a\000s\000t\000r\000i\000c\000\040\000C\000a\000n\000c\000e\000r}{}% 31
\BOOKMARK [0][-]{chapter.27}{\376\377\000G\000a\000s\000t\000r\000i\000c\000\040\000O\000v\000e\000r\000v\000i\000e\000w}{part*.6}% 32
\BOOKMARK [0][-]{chapter.28}{\376\377\000S\000u\000p\000e\000r\000f\000i\000c\000i\000a\000l\000\040\000G\000a\000s\000t\000r\000i\000c}{part*.6}% 33
\BOOKMARK [0][-]{chapter.29}{\376\377\000L\000o\000c\000a\000l\000l\000y\000-\000A\000d\000v\000a\000n\000c\000e\000d\000\040\000G\000a\000s\000t\000r\000i\000c}{part*.6}% 34
\BOOKMARK [0][-]{chapter.30}{\376\377\000G\000a\000s\000t\000r\000i\000c\000\040\000C\000a\000r\000c\000i\000n\000o\000i\000d\000s}{part*.6}% 35
\BOOKMARK [0][-]{chapter.31}{\376\377\000G\000I\000\040\000S\000t\000r\000o\000m\000a\000l\000\040\000T\000u\000m\000o\000r\000s}{part*.6}% 36
\BOOKMARK [-1][-]{part*.7}{\376\377\000C\000o\000l\000o\000n\000\040\000C\000a\000n\000c\000e\000r}{}% 37
\BOOKMARK [0][-]{chapter.32}{\376\377\000C\000o\000l\000e\000c\000t\000o\000m\000y}{part*.7}% 38
\BOOKMARK [0][-]{chapter.33}{\376\377\000C\000h\000e\000m\000o\000t\000h\000e\000r\000a\000p\000y}{part*.7}% 39
\BOOKMARK [-1][-]{part*.8}{\376\377\000S\000a\000r\000c\000o\000m\000a}{}% 40
\BOOKMARK [0][-]{chapter.34}{\376\377\000R\000e\000t\000r\000o\000p\000e\000r\000i\000t\000o\000n\000e\000a\000l}{part*.8}% 41
